[320 ns         ] INFO     TIMEOUT      "done being asserted - required 5 cycles"
[320 ns         ] INFO     ASSERTION    "result - received 00000011 matches expected 00000011"
[320 ns         ] INFO     ASSERTION    "overflow - received 0 matches expected 0"
[320 ns         ] INFO     ASSERTION    "done - received 1 matches expected 1"
[420 ns         ] INFO     STABILITY    "result depending on done - maintained stability at 00000011"
[560 ns         ] INFO     TIMEOUT      "done being asserted - required 5 cycles"
[560 ns         ] INFO     ASSERTION    "result - received 00000000 matches expected 00000000"
[560 ns         ] INFO     ASSERTION    "overflow - received 0 matches expected 0"
[560 ns         ] INFO     ASSERTION    "done - received 1 matches expected 1"
[660 ns         ] INFO     STABILITY    "result depending on done - maintained stability at 00000000"
[800 ns         ] INFO     TIMEOUT      "done being asserted - required 5 cycles"
[800 ns         ] INFO     ASSERTION    "result - received 00000001 matches expected 00000001"
[800 ns         ] INFO     ASSERTION    "overflow - received 0 matches expected 0"
[800 ns         ] INFO     ASSERTION    "done - received 1 matches expected 1"
[900 ns         ] INFO     STABILITY    "result depending on done - maintained stability at 00000001"
[1040 ns        ] INFO     TIMEOUT      "done being asserted - required 5 cycles"
[1040 ns        ] INFO     ASSERTION    "result - received 00000010 matches expected 00000010"
[1040 ns        ] INFO     ASSERTION    "overflow - received 0 matches expected 0"
[1040 ns        ] INFO     ASSERTION    "done - received 1 matches expected 1"
[1140 ns        ] INFO     STABILITY    "result depending on done - maintained stability at 00000010"
[1280 ns        ] INFO     TIMEOUT      "done being asserted - required 5 cycles"
[1280 ns        ] INFO     ASSERTION    "result - received 00000000 matches expected 00000000"
[1280 ns        ] INFO     ASSERTION    "overflow - received 0 matches expected 0"
[1280 ns        ] INFO     ASSERTION    "done - received 1 matches expected 1"
[1380 ns        ] INFO     STABILITY    "result depending on done - maintained stability at 00000000"
[1520 ns        ] INFO     TIMEOUT      "done being asserted - required 5 cycles"
[1520 ns        ] INFO     ASSERTION    "result - received 00000001 matches expected 00000001"
[1520 ns        ] INFO     ASSERTION    "overflow - received 0 matches expected 0"
[1520 ns        ] INFO     ASSERTION    "done - received 1 matches expected 1"
[1620 ns        ] INFO     STABILITY    "result depending on done - maintained stability at 00000001"
[1760 ns        ] INFO     TIMEOUT      "done being asserted - required 5 cycles"
[1760 ns        ] INFO     ASSERTION    "result - received 00000001 matches expected 00000001"
[1760 ns        ] INFO     ASSERTION    "overflow - received 0 matches expected 0"
[1760 ns        ] INFO     ASSERTION    "done - received 1 matches expected 1"
[1860 ns        ] INFO     STABILITY    "result depending on done - maintained stability at 00000001"
[2000 ns        ] INFO     TIMEOUT      "done being asserted - required 5 cycles"
[2000 ns        ] INFO     ASSERTION    "result - received 00000010 matches expected 00000010"
[2000 ns        ] INFO     ASSERTION    "overflow - received 0 matches expected 0"
[2000 ns        ] INFO     ASSERTION    "done - received 1 matches expected 1"
[2100 ns        ] INFO     STABILITY    "result depending on done - maintained stability at 00000010"
[2240 ns        ] INFO     TIMEOUT      "done being asserted - required 5 cycles"
[2240 ns        ] INFO     ASSERTION    "result - received 00000001 matches expected 00000001"
[2240 ns        ] INFO     ASSERTION    "overflow - received 0 matches expected 0"
[2240 ns        ] INFO     ASSERTION    "done - received 1 matches expected 1"
[2340 ns        ] INFO     STABILITY    "result depending on done - maintained stability at 00000001"
[2480 ns        ] INFO     TIMEOUT      "done being asserted - required 5 cycles"
[2480 ns        ] INFO     ASSERTION    "result - received 00000000 matches expected 00000000"
[2480 ns        ] INFO     ASSERTION    "overflow - received 0 matches expected 0"
[2480 ns        ] INFO     ASSERTION    "done - received 1 matches expected 1"
[2580 ns        ] INFO     STABILITY    "result depending on done - maintained stability at 00000000"
[2720 ns        ] INFO     TIMEOUT      "done being asserted - required 5 cycles"
[2720 ns        ] INFO     ASSERTION    "result - received 00000001 matches expected 00000001"
[2720 ns        ] INFO     ASSERTION    "overflow - received 0 matches expected 0"
[2720 ns        ] INFO     ASSERTION    "done - received 1 matches expected 1"
[2820 ns        ] INFO     STABILITY    "result depending on done - maintained stability at 00000001"
[2960 ns        ] INFO     TIMEOUT      "done being asserted - required 5 cycles"
[2960 ns        ] INFO     ASSERTION    "result - received 00000000 matches expected 00000000"
[2960 ns        ] INFO     ASSERTION    "overflow - received 0 matches expected 0"
[2960 ns        ] INFO     ASSERTION    "done - received 1 matches expected 1"
[3060 ns        ] INFO     STABILITY    "result depending on done - maintained stability at 00000000"
[3200 ns        ] INFO     TIMEOUT      "done being asserted - required 5 cycles"
[3200 ns        ] INFO     ASSERTION    "result - received 00000010 matches expected 00000010"
[3200 ns        ] INFO     ASSERTION    "overflow - received 0 matches expected 0"
[3200 ns        ] INFO     ASSERTION    "done - received 1 matches expected 1"
[3300 ns        ] INFO     STABILITY    "result depending on done - maintained stability at 00000010"
[3440 ns        ] INFO     TIMEOUT      "done being asserted - required 5 cycles"
[3440 ns        ] INFO     ASSERTION    "result - received 00000011 matches expected 00000011"
[3440 ns        ] INFO     ASSERTION    "overflow - received 0 matches expected 0"
[3440 ns        ] INFO     ASSERTION    "done - received 1 matches expected 1"
[3540 ns        ] INFO     STABILITY    "result depending on done - maintained stability at 00000011"
[3680 ns        ] INFO     TIMEOUT      "done being asserted - required 5 cycles"
[3680 ns        ] INFO     ASSERTION    "result - received 00000011 matches expected 00000011"
[3680 ns        ] INFO     ASSERTION    "overflow - received 0 matches expected 0"
[3680 ns        ] INFO     ASSERTION    "done - received 1 matches expected 1"
[3780 ns        ] INFO     STABILITY    "result depending on done - maintained stability at 00000011"
[3920 ns        ] INFO     TIMEOUT      "done being asserted - required 5 cycles"
[3920 ns        ] INFO     ASSERTION    "result - received 00000001 matches expected 00000001"
[3920 ns        ] INFO     ASSERTION    "overflow - received 0 matches expected 0"
[3920 ns        ] INFO     ASSERTION    "done - received 1 matches expected 1"
[4020 ns        ] INFO     STABILITY    "result depending on done - maintained stability at 00000001"
[4160 ns        ] INFO     TIMEOUT      "done being asserted - required 5 cycles"
[4160 ns        ] INFO     ASSERTION    "result - received 00000011 matches expected 00000011"
[4160 ns        ] INFO     ASSERTION    "overflow - received 0 matches expected 0"
[4160 ns        ] INFO     ASSERTION    "done - received 1 matches expected 1"
[4260 ns        ] INFO     STABILITY    "result depending on done - maintained stability at 00000011"
[4400 ns        ] INFO     TIMEOUT      "done being asserted - required 5 cycles"
[4400 ns        ] INFO     ASSERTION    "result - received 00000001 matches expected 00000001"
[4400 ns        ] INFO     ASSERTION    "overflow - received 0 matches expected 0"
[4400 ns        ] INFO     ASSERTION    "done - received 1 matches expected 1"
[4500 ns        ] INFO     STABILITY    "result depending on done - maintained stability at 00000001"
[4640 ns        ] INFO     TIMEOUT      "done being asserted - required 5 cycles"
[4640 ns        ] INFO     ASSERTION    "result - received 00000001 matches expected 00000001"
[4640 ns        ] INFO     ASSERTION    "overflow - received 0 matches expected 0"
[4640 ns        ] INFO     ASSERTION    "done - received 1 matches expected 1"
[4740 ns        ] INFO     STABILITY    "result depending on done - maintained stability at 00000001"
[4880 ns        ] INFO     TIMEOUT      "done being asserted - required 5 cycles"
[4880 ns        ] INFO     ASSERTION    "result - received 00000000 matches expected 00000000"
[4880 ns        ] INFO     ASSERTION    "overflow - received 0 matches expected 0"
[4880 ns        ] INFO     ASSERTION    "done - received 1 matches expected 1"
[4980 ns        ] INFO     STABILITY    "result depending on done - maintained stability at 00000000"
[5120 ns        ] INFO     TIMEOUT      "done being asserted - required 5 cycles"
[5120 ns        ] INFO     ASSERTION    "result - received 00000000 matches expected 00000000"
[5120 ns        ] INFO     ASSERTION    "overflow - received 0 matches expected 0"
[5120 ns        ] INFO     ASSERTION    "done - received 1 matches expected 1"
[5220 ns        ] INFO     STABILITY    "result depending on done - maintained stability at 00000000"
[5360 ns        ] INFO     TIMEOUT      "done being asserted - required 5 cycles"
[5360 ns        ] INFO     ASSERTION    "result - received 00000000 matches expected 00000000"
[5360 ns        ] INFO     ASSERTION    "overflow - received 0 matches expected 0"
[5360 ns        ] INFO     ASSERTION    "done - received 1 matches expected 1"
[5460 ns        ] INFO     STABILITY    "result depending on done - maintained stability at 00000000"
[5600 ns        ] INFO     TIMEOUT      "done being asserted - required 5 cycles"
[5600 ns        ] INFO     ASSERTION    "result - received 00000001 matches expected 00000001"
[5600 ns        ] INFO     ASSERTION    "overflow - received 0 matches expected 0"
[5600 ns        ] INFO     ASSERTION    "done - received 1 matches expected 1"
[5700 ns        ] INFO     STABILITY    "result depending on done - maintained stability at 00000001"
[5840 ns        ] INFO     TIMEOUT      "done being asserted - required 5 cycles"
[5840 ns        ] INFO     ASSERTION    "result - received 00000000 matches expected 00000000"
[5840 ns        ] INFO     ASSERTION    "overflow - received 0 matches expected 0"
[5840 ns        ] INFO     ASSERTION    "done - received 1 matches expected 1"
[5940 ns        ] INFO     STABILITY    "result depending on done - maintained stability at 00000000"
[6080 ns        ] INFO     TIMEOUT      "done being asserted - required 5 cycles"
[6080 ns        ] INFO     ASSERTION    "result - received 00000010 matches expected 00000010"
[6080 ns        ] INFO     ASSERTION    "overflow - received 0 matches expected 0"
[6080 ns        ] INFO     ASSERTION    "done - received 1 matches expected 1"
[6180 ns        ] INFO     STABILITY    "result depending on done - maintained stability at 00000010"
[6320 ns        ] INFO     TIMEOUT      "done being asserted - required 5 cycles"
[6320 ns        ] INFO     ASSERTION    "result - received 00000010 matches expected 00000010"
[6320 ns        ] INFO     ASSERTION    "overflow - received 0 matches expected 0"
[6320 ns        ] INFO     ASSERTION    "done - received 1 matches expected 1"
[6420 ns        ] INFO     STABILITY    "result depending on done - maintained stability at 00000010"
[6560 ns        ] INFO     TIMEOUT      "done being asserted - required 5 cycles"
[6560 ns        ] INFO     ASSERTION    "result - received 00000011 matches expected 00000011"
[6560 ns        ] INFO     ASSERTION    "overflow - received 0 matches expected 0"
[6560 ns        ] INFO     ASSERTION    "done - received 1 matches expected 1"
[6660 ns        ] INFO     STABILITY    "result depending on done - maintained stability at 00000011"
[6800 ns        ] INFO     TIMEOUT      "done being asserted - required 5 cycles"
[6800 ns        ] INFO     ASSERTION    "result - received 00000001 matches expected 00000001"
[6800 ns        ] INFO     ASSERTION    "overflow - received 0 matches expected 0"
[6800 ns        ] INFO     ASSERTION    "done - received 1 matches expected 1"
[6900 ns        ] INFO     STABILITY    "result depending on done - maintained stability at 00000001"
[7040 ns        ] INFO     TIMEOUT      "done being asserted - required 5 cycles"
[7040 ns        ] INFO     ASSERTION    "result - received 00000011 matches expected 00000011"
[7040 ns        ] INFO     ASSERTION    "overflow - received 0 matches expected 0"
[7040 ns        ] INFO     ASSERTION    "done - received 1 matches expected 1"
[7140 ns        ] INFO     STABILITY    "result depending on done - maintained stability at 00000011"
[7280 ns        ] INFO     TIMEOUT      "done being asserted - required 5 cycles"
[7280 ns        ] INFO     ASSERTION    "result - received 00000000 matches expected 00000000"
[7280 ns        ] INFO     ASSERTION    "overflow - received 0 matches expected 0"
[7280 ns        ] INFO     ASSERTION    "done - received 1 matches expected 1"
[7380 ns        ] INFO     STABILITY    "result depending on done - maintained stability at 00000000"
[7520 ns        ] INFO     TIMEOUT      "done being asserted - required 5 cycles"
[7520 ns        ] INFO     ASSERTION    "result - received 00000000 matches expected 00000000"
[7520 ns        ] INFO     ASSERTION    "overflow - received 0 matches expected 0"
[7520 ns        ] INFO     ASSERTION    "done - received 1 matches expected 1"
[7620 ns        ] INFO     STABILITY    "result depending on done - maintained stability at 00000000"
[7760 ns        ] INFO     TIMEOUT      "done being asserted - required 5 cycles"
[7760 ns        ] INFO     ASSERTION    "result - received 00000011 matches expected 00000011"
[7760 ns        ] INFO     ASSERTION    "overflow - received 0 matches expected 0"
[7760 ns        ] INFO     ASSERTION    "done - received 1 matches expected 1"
[7860 ns        ] INFO     STABILITY    "result depending on done - maintained stability at 00000011"
[8000 ns        ] INFO     TIMEOUT      "done being asserted - required 5 cycles"
[8000 ns        ] INFO     ASSERTION    "result - received 00000001 matches expected 00000001"
[8000 ns        ] INFO     ASSERTION    "overflow - received 0 matches expected 0"
[8000 ns        ] INFO     ASSERTION    "done - received 1 matches expected 1"
[8100 ns        ] INFO     STABILITY    "result depending on done - maintained stability at 00000001"
[8240 ns        ] INFO     TIMEOUT      "done being asserted - required 5 cycles"
[8240 ns        ] INFO     ASSERTION    "result - received 00000001 matches expected 00000001"
[8240 ns        ] INFO     ASSERTION    "overflow - received 0 matches expected 0"
[8240 ns        ] INFO     ASSERTION    "done - received 1 matches expected 1"
[8340 ns        ] INFO     STABILITY    "result depending on done - maintained stability at 00000001"
[8480 ns        ] INFO     TIMEOUT      "done being asserted - required 5 cycles"
[8480 ns        ] INFO     ASSERTION    "result - received 00000000 matches expected 00000000"
[8480 ns        ] INFO     ASSERTION    "overflow - received 0 matches expected 0"
[8480 ns        ] INFO     ASSERTION    "done - received 1 matches expected 1"
[8580 ns        ] INFO     STABILITY    "result depending on done - maintained stability at 00000000"
[8720 ns        ] INFO     TIMEOUT      "done being asserted - required 5 cycles"
[8720 ns        ] INFO     ASSERTION    "result - received 00000000 matches expected 00000000"
[8720 ns        ] INFO     ASSERTION    "overflow - received 0 matches expected 0"
[8720 ns        ] INFO     ASSERTION    "done - received 1 matches expected 1"
[8820 ns        ] INFO     STABILITY    "result depending on done - maintained stability at 00000000"
[8960 ns        ] INFO     TIMEOUT      "done being asserted - required 5 cycles"
[8960 ns        ] INFO     ASSERTION    "result - received 00000011 matches expected 00000011"
[8960 ns        ] INFO     ASSERTION    "overflow - received 0 matches expected 0"
[8960 ns        ] INFO     ASSERTION    "done - received 1 matches expected 1"
[9060 ns        ] INFO     STABILITY    "result depending on done - maintained stability at 00000011"
[9200 ns        ] INFO     TIMEOUT      "done being asserted - required 5 cycles"
[9200 ns        ] INFO     ASSERTION    "result - received 00000001 matches expected 00000001"
[9200 ns        ] INFO     ASSERTION    "overflow - received 0 matches expected 0"
[9200 ns        ] INFO     ASSERTION    "done - received 1 matches expected 1"
[9300 ns        ] INFO     STABILITY    "result depending on done - maintained stability at 00000001"
[9440 ns        ] INFO     TIMEOUT      "done being asserted - required 5 cycles"
[9440 ns        ] INFO     ASSERTION    "result - received 00000000 matches expected 00000000"
[9440 ns        ] INFO     ASSERTION    "overflow - received 0 matches expected 0"
[9440 ns        ] INFO     ASSERTION    "done - received 1 matches expected 1"
[9540 ns        ] INFO     STABILITY    "result depending on done - maintained stability at 00000000"
[9680 ns        ] INFO     TIMEOUT      "done being asserted - required 5 cycles"
[9680 ns        ] INFO     ASSERTION    "result - received 00000011 matches expected 00000011"
[9680 ns        ] INFO     ASSERTION    "overflow - received 0 matches expected 0"
[9680 ns        ] INFO     ASSERTION    "done - received 1 matches expected 1"
[9780 ns        ] INFO     STABILITY    "result depending on done - maintained stability at 00000011"
[9920 ns        ] INFO     TIMEOUT      "done being asserted - required 5 cycles"
[9920 ns        ] INFO     ASSERTION    "result - received 00000001 matches expected 00000001"
[9920 ns        ] INFO     ASSERTION    "overflow - received 0 matches expected 0"
[9920 ns        ] INFO     ASSERTION    "done - received 1 matches expected 1"